This file contains any messages produced by compilers while
running configure, to aid debugging if configure makes a mistake.

It was created by ehasx configure 0.1.0, which was
generated by GNU Autoconf 2.69.  Invocation command line was

  $ ./configure 

## --------- ##
## Platform. ##
## --------- ##

hostname = franky.prd.blackhats.net.au
uname -m = x86_64
uname -r = 4.9.10-200.fc25.x86_64
uname -s = Linux
uname -v = #1 SMP Wed Feb 15 23:28:59 UTC 2017

/usr/bin/uname -p = x86_64
/bin/uname -X     = unknown

/bin/arch              = x86_64
/usr/bin/arch -k       = unknown
/usr/convex/getsysinfo = unknown
/usr/bin/hostinfo      = unknown
/bin/machine           = unknown
/usr/bin/oslevel       = unknown
/bin/universe          = unknown

PATH: /usr/lib64/ccache
PATH: /usr/sbin
PATH: /usr/bin
PATH: /usr/local/sbin
PATH: /usr/local/bin
PATH: /usr/lib64/mozldap


## ----------- ##
## Core tests. ##
## ----------- ##

configure:2165: checking for a BSD-compatible install
configure:2233: result: /usr/bin/install -c
configure:2244: checking whether build environment is sane
configure:2299: result: yes
configure:2450: checking for a thread-safe mkdir -p
configure:2489: result: /usr/bin/mkdir -p
configure:2496: checking for gawk
configure:2512: found /usr/bin/gawk
configure:2523: result: gawk
configure:2534: checking whether make sets $(MAKE)
configure:2556: result: yes
configure:2585: checking whether make supports nested variables
configure:2602: result: yes
configure:2740: checking whether make supports nested variables
configure:2757: result: yes
configure:2774: checking build system type
configure:2788: result: x86_64-unknown-linux-gnu
configure:2808: checking host system type
configure:2821: result: x86_64-unknown-linux-gnu
configure:2854: checking for style of include used by make
configure:2882: result: GNU
configure:2953: checking for gcc
configure:2969: found /usr/bin/gcc
configure:2980: result: gcc
configure:3209: checking for C compiler version
configure:3218: gcc --version >&5
gcc (GCC) 6.3.1 20161221 (Red Hat 6.3.1-1)
Copyright (C) 2016 Free Software Foundation, Inc.
This is free software; see the source for copying conditions.  There is NO
warranty; not even for MERCHANTABILITY or FITNESS FOR A PARTICULAR PURPOSE.

configure:3229: $? = 0
configure:3218: gcc -v >&5
Using built-in specs.
COLLECT_GCC=gcc
COLLECT_LTO_WRAPPER=/usr/libexec/gcc/x86_64-redhat-linux/6.3.1/lto-wrapper
Target: x86_64-redhat-linux
Configured with: ../configure --enable-bootstrap --enable-languages=c,c++,objc,obj-c++,fortran,ada,go,lto --prefix=/usr --mandir=/usr/share/man --infodir=/usr/share/info --with-bugurl=http://bugzilla.redhat.com/bugzilla --enable-shared --enable-threads=posix --enable-checking=release --enable-multilib --with-system-zlib --enable-__cxa_atexit --disable-libunwind-exceptions --enable-gnu-unique-object --enable-linker-build-id --with-linker-hash-style=gnu --enable-plugin --enable-initfini-array --disable-libgcj --with-isl --enable-libmpx --enable-gnu-indirect-function --with-tune=generic --with-arch_32=i686 --build=x86_64-redhat-linux
Thread model: posix
gcc version 6.3.1 20161221 (Red Hat 6.3.1-1) (GCC) 
configure:3229: $? = 0
configure:3218: gcc -V >&5
gcc: error: unrecognized command line option '-V'
gcc: fatal error: no input files
compilation terminated.
configure:3229: $? = 1
configure:3218: gcc -qversion >&5
gcc: error: unrecognized command line option '-qversion'; did you mean '--version'?
gcc: fatal error: no input files
compilation terminated.
configure:3229: $? = 1
configure:3249: checking whether the C compiler works
configure:3271: gcc    conftest.c  >&5
configure:3275: $? = 0
configure:3323: result: yes
configure:3326: checking for C compiler default output file name
configure:3328: result: a.out
configure:3334: checking for suffix of executables
configure:3341: gcc -o conftest    conftest.c  >&5
configure:3345: $? = 0
configure:3367: result: 
configure:3389: checking whether we are cross compiling
configure:3397: gcc -o conftest    conftest.c  >&5
configure:3401: $? = 0
configure:3408: ./conftest
configure:3412: $? = 0
configure:3427: result: no
configure:3432: checking for suffix of object files
configure:3454: gcc -c   conftest.c >&5
configure:3458: $? = 0
configure:3479: result: o
configure:3483: checking whether we are using the GNU C compiler
configure:3502: gcc -c   conftest.c >&5
configure:3502: $? = 0
configure:3511: result: yes
configure:3520: checking whether gcc accepts -g
configure:3540: gcc -c -g  conftest.c >&5
configure:3540: $? = 0
configure:3581: result: yes
configure:3598: checking for gcc option to accept ISO C89
configure:3661: gcc  -c -g -O2  conftest.c >&5
configure:3661: $? = 0
configure:3674: result: none needed
configure:3699: checking whether gcc understands -c and -o together
configure:3721: gcc -c conftest.c -o conftest2.o
configure:3724: $? = 0
configure:3721: gcc -c conftest.c -o conftest2.o
configure:3724: $? = 0
configure:3736: result: yes
configure:3755: checking dependency style of gcc
configure:3866: result: gcc3
configure:3881: checking for gcc option to accept ISO C99
configure:4030: gcc  -c -g -O2  conftest.c >&5
configure:4030: $? = 0
configure:4043: result: none needed
configure:4062: checking for cargo
configure:4078: found /usr/bin/cargo
configure:4090: result: yes
configure:4100: checking for rustc
configure:4116: found /usr/bin/rustc
configure:4128: result: yes
configure:4192: checking how to print strings
configure:4219: result: printf
configure:4240: checking for a sed that does not truncate output
configure:4304: result: /usr/bin/sed
configure:4322: checking for grep that handles long lines and -e
configure:4380: result: /usr/bin/grep
configure:4385: checking for egrep
configure:4447: result: /usr/bin/grep -E
configure:4452: checking for fgrep
configure:4514: result: /usr/bin/grep -F
configure:4549: checking for ld used by gcc
configure:4616: result: /usr/bin/ld
configure:4623: checking if the linker (/usr/bin/ld) is GNU ld
configure:4638: result: yes
configure:4650: checking for BSD- or MS-compatible name lister (nm)
configure:4704: result: /usr/bin/nm -B
configure:4834: checking the name lister (/usr/bin/nm -B) interface
configure:4841: gcc -c -g -O2  conftest.c >&5
configure:4844: /usr/bin/nm -B "conftest.o"
configure:4847: output
0000000000000000 B some_variable
configure:4854: result: BSD nm
configure:4857: checking whether ln -s works
configure:4861: result: yes
configure:4869: checking the maximum length of command line arguments
configure:5000: result: 1572864
configure:5048: checking how to convert x86_64-unknown-linux-gnu file names to x86_64-unknown-linux-gnu format
configure:5088: result: func_convert_file_noop
configure:5095: checking how to convert x86_64-unknown-linux-gnu file names to toolchain format
configure:5115: result: func_convert_file_noop
configure:5122: checking for /usr/bin/ld option to reload object files
configure:5129: result: -r
configure:5203: checking for objdump
configure:5219: found /usr/bin/objdump
configure:5230: result: objdump
configure:5262: checking how to recognize dependent libraries
configure:5462: result: pass_all
configure:5547: checking for dlltool
configure:5577: result: no
configure:5607: checking how to associate runtime and link libraries
configure:5634: result: printf %s\n
configure:5695: checking for ar
configure:5711: found /usr/bin/ar
configure:5722: result: ar
configure:5759: checking for archiver @FILE support
configure:5776: gcc -c -g -O2  conftest.c >&5
configure:5776: $? = 0
configure:5779: ar cru libconftest.a @conftest.lst >&5
configure:5782: $? = 0
configure:5787: ar cru libconftest.a @conftest.lst >&5
ar: conftest.o: No such file or directory
configure:5790: $? = 1
configure:5802: result: @
configure:5860: checking for strip
configure:5876: found /usr/bin/strip
configure:5887: result: strip
configure:5959: checking for ranlib
configure:5975: found /usr/bin/ranlib
configure:5986: result: ranlib
configure:6088: checking command to parse /usr/bin/nm -B output from gcc object
configure:6241: gcc -c -g -O2  conftest.c >&5
configure:6244: $? = 0
configure:6248: /usr/bin/nm -B conftest.o \| sed -n -e 's/^.*[ ]\([ABCDGIRSTW][ABCDGIRSTW]*\)[ ][ ]*\([_A-Za-z][_A-Za-z0-9]*\)$/\1 \2 \2/p' | sed '/ __gnu_lto/d' \> conftest.nm
configure:6251: $? = 0
configure:6317: gcc -o conftest -g -O2   conftest.c conftstm.o >&5
configure:6320: $? = 0
configure:6358: result: ok
configure:6405: checking for sysroot
configure:6435: result: no
configure:6442: checking for a working dd
configure:6480: result: /usr/bin/dd
configure:6484: checking how to truncate binary pipes
configure:6499: result: /usr/bin/dd bs=4096 count=1
configure:6635: gcc -c -g -O2  conftest.c >&5
configure:6638: $? = 0
configure:6828: checking for mt
configure:6858: result: no
configure:6878: checking if : is a manifest tool
configure:6884: : '-?'
configure:6892: result: no
configure:7569: checking how to run the C preprocessor
configure:7600: gcc -E  conftest.c
configure:7600: $? = 0
configure:7614: gcc -E  conftest.c
conftest.c:11:28: fatal error: ac_nonexistent.h: No such file or directory
 #include <ac_nonexistent.h>
                            ^
compilation terminated.
configure:7614: $? = 1
configure: failed program was:
| /* confdefs.h */
| #define PACKAGE_NAME "ehasx"
| #define PACKAGE_TARNAME "ehasx"
| #define PACKAGE_VERSION "0.1.0"
| #define PACKAGE_STRING "ehasx 0.1.0"
| #define PACKAGE_BUGREPORT ""
| #define PACKAGE_URL ""
| #define PACKAGE "ehasx"
| #define VERSION "0.1.0"
| /* end confdefs.h.  */
| #include <ac_nonexistent.h>
configure:7639: result: gcc -E
configure:7659: gcc -E  conftest.c
configure:7659: $? = 0
configure:7673: gcc -E  conftest.c
conftest.c:11:28: fatal error: ac_nonexistent.h: No such file or directory
 #include <ac_nonexistent.h>
                            ^
compilation terminated.
configure:7673: $? = 1
configure: failed program was:
| /* confdefs.h */
| #define PACKAGE_NAME "ehasx"
| #define PACKAGE_TARNAME "ehasx"
| #define PACKAGE_VERSION "0.1.0"
| #define PACKAGE_STRING "ehasx 0.1.0"
| #define PACKAGE_BUGREPORT ""
| #define PACKAGE_URL ""
| #define PACKAGE "ehasx"
| #define VERSION "0.1.0"
| /* end confdefs.h.  */
| #include <ac_nonexistent.h>
configure:7702: checking for ANSI C header files
configure:7722: gcc -c -g -O2  conftest.c >&5
configure:7722: $? = 0
configure:7795: gcc -o conftest -g -O2   conftest.c  >&5
configure:7795: $? = 0
configure:7795: ./conftest
configure:7795: $? = 0
configure:7806: result: yes
configure:7819: checking for sys/types.h
configure:7819: gcc -c -g -O2  conftest.c >&5
configure:7819: $? = 0
configure:7819: result: yes
configure:7819: checking for sys/stat.h
configure:7819: gcc -c -g -O2  conftest.c >&5
configure:7819: $? = 0
configure:7819: result: yes
configure:7819: checking for stdlib.h
configure:7819: gcc -c -g -O2  conftest.c >&5
configure:7819: $? = 0
configure:7819: result: yes
configure:7819: checking for string.h
configure:7819: gcc -c -g -O2  conftest.c >&5
configure:7819: $? = 0
configure:7819: result: yes
configure:7819: checking for memory.h
configure:7819: gcc -c -g -O2  conftest.c >&5
configure:7819: $? = 0
configure:7819: result: yes
configure:7819: checking for strings.h
configure:7819: gcc -c -g -O2  conftest.c >&5
configure:7819: $? = 0
configure:7819: result: yes
configure:7819: checking for inttypes.h
configure:7819: gcc -c -g -O2  conftest.c >&5
configure:7819: $? = 0
configure:7819: result: yes
configure:7819: checking for stdint.h
configure:7819: gcc -c -g -O2  conftest.c >&5
configure:7819: $? = 0
configure:7819: result: yes
configure:7819: checking for unistd.h
configure:7819: gcc -c -g -O2  conftest.c >&5
configure:7819: $? = 0
configure:7819: result: yes
configure:7833: checking for dlfcn.h
configure:7833: gcc -c -g -O2  conftest.c >&5
configure:7833: $? = 0
configure:7833: result: yes
configure:8089: checking for objdir
configure:8104: result: .libs
configure:8368: checking if gcc supports -fno-rtti -fno-exceptions
configure:8386: gcc -c -g -O2  -fno-rtti -fno-exceptions conftest.c >&5
cc1: warning: command line option '-fno-rtti' is valid for C++/ObjC++ but not for C
configure:8390: $? = 0
configure:8403: result: no
configure:8761: checking for gcc option to produce PIC
configure:8768: result: -fPIC -DPIC
configure:8776: checking if gcc PIC flag -fPIC -DPIC works
configure:8794: gcc -c -g -O2  -fPIC -DPIC -DPIC conftest.c >&5
configure:8798: $? = 0
configure:8811: result: yes
configure:8840: checking if gcc static flag -static works
configure:8868: result: no
configure:8883: checking if gcc supports -c -o file.o
configure:8904: gcc -c -g -O2  -o out/conftest2.o conftest.c >&5
configure:8908: $? = 0
configure:8930: result: yes
configure:8938: checking if gcc supports -c -o file.o
configure:8985: result: yes
configure:9018: checking whether the gcc linker (/usr/bin/ld -m elf_x86_64) supports shared libraries
configure:10277: result: yes
configure:10314: checking whether -lc should be explicitly linked in
configure:10322: gcc -c -g -O2  conftest.c >&5
configure:10325: $? = 0
configure:10340: gcc -shared  -fPIC -DPIC conftest.o  -v -Wl,-soname -Wl,conftest -o conftest 2\>\&1 \| /usr/bin/grep  -lc  \>/dev/null 2\>\&1
configure:10343: $? = 0
configure:10357: result: no
configure:10517: checking dynamic linker characteristics
configure:11098: gcc -o conftest -g -O2   -Wl,-rpath -Wl,/foo conftest.c  >&5
configure:11098: $? = 0
configure:11338: result: GNU/Linux ld.so
configure:11460: checking how to hardcode library paths into programs
configure:11485: result: immediate
configure:12033: checking whether stripping libraries is possible
configure:12038: result: yes
configure:12073: checking if libtool supports shared libraries
configure:12075: result: yes
configure:12078: checking whether to build shared libraries
configure:12103: result: yes
configure:12106: checking whether to build static libraries
configure:12110: result: yes
configure:12298: checking that generated files are newer than configure
configure:12304: result: done
configure:12327: creating ./config.status

## ---------------------- ##
## Running config.status. ##
## ---------------------- ##

This file was extended by ehasx config.status 0.1.0, which was
generated by GNU Autoconf 2.69.  Invocation command line was

  CONFIG_FILES    = 
  CONFIG_HEADERS  = 
  CONFIG_LINKS    = 
  CONFIG_COMMANDS = 
  $ ./config.status 

on franky.prd.blackhats.net.au

config.status:1007: creating Makefile
config.status:1179: executing depfiles commands
config.status:1179: executing libtool commands

## ---------------- ##
## Cache variables. ##
## ---------------- ##

ac_cv_build=x86_64-unknown-linux-gnu
ac_cv_c_compiler_gnu=yes
ac_cv_env_CC_set=
ac_cv_env_CC_value=
ac_cv_env_CFLAGS_set=
ac_cv_env_CFLAGS_value=
ac_cv_env_CPPFLAGS_set=
ac_cv_env_CPPFLAGS_value=
ac_cv_env_CPP_set=
ac_cv_env_CPP_value=
ac_cv_env_LDFLAGS_set=
ac_cv_env_LDFLAGS_value=
ac_cv_env_LIBS_set=
ac_cv_env_LIBS_value=
ac_cv_env_LT_SYS_LIBRARY_PATH_set=
ac_cv_env_LT_SYS_LIBRARY_PATH_value=
ac_cv_env_build_alias_set=
ac_cv_env_build_alias_value=
ac_cv_env_host_alias_set=
ac_cv_env_host_alias_value=
ac_cv_env_target_alias_set=
ac_cv_env_target_alias_value=
ac_cv_header_dlfcn_h=yes
ac_cv_header_inttypes_h=yes
ac_cv_header_memory_h=yes
ac_cv_header_stdc=yes
ac_cv_header_stdint_h=yes
ac_cv_header_stdlib_h=yes
ac_cv_header_string_h=yes
ac_cv_header_strings_h=yes
ac_cv_header_sys_stat_h=yes
ac_cv_header_sys_types_h=yes
ac_cv_header_unistd_h=yes
ac_cv_host=x86_64-unknown-linux-gnu
ac_cv_objext=o
ac_cv_path_EGREP='/usr/bin/grep -E'
ac_cv_path_FGREP='/usr/bin/grep -F'
ac_cv_path_GREP=/usr/bin/grep
ac_cv_path_SED=/usr/bin/sed
ac_cv_path_install='/usr/bin/install -c'
ac_cv_path_lt_DD=/usr/bin/dd
ac_cv_path_mkdir=/usr/bin/mkdir
ac_cv_prog_AWK=gawk
ac_cv_prog_CARGO=yes
ac_cv_prog_CPP='gcc -E'
ac_cv_prog_RUSTC=yes
ac_cv_prog_ac_ct_AR=ar
ac_cv_prog_ac_ct_CC=gcc
ac_cv_prog_ac_ct_OBJDUMP=objdump
ac_cv_prog_ac_ct_RANLIB=ranlib
ac_cv_prog_ac_ct_STRIP=strip
ac_cv_prog_cc_c89=
ac_cv_prog_cc_c99=
ac_cv_prog_cc_g=yes
ac_cv_prog_make_make_set=yes
am_cv_CC_dependencies_compiler_type=gcc3
am_cv_make_support_nested_variables=yes
am_cv_prog_cc_c_o=yes
lt_cv_ar_at_file=@
lt_cv_archive_cmds_need_lc=no
lt_cv_deplibs_check_method=pass_all
lt_cv_file_magic_cmd='$MAGIC_CMD'
lt_cv_file_magic_test_file=
lt_cv_ld_reload_flag=-r
lt_cv_nm_interface='BSD nm'
lt_cv_objdir=.libs
lt_cv_path_LD=/usr/bin/ld
lt_cv_path_NM='/usr/bin/nm -B'
lt_cv_path_mainfest_tool=no
lt_cv_prog_compiler_c_o=yes
lt_cv_prog_compiler_pic='-fPIC -DPIC'
lt_cv_prog_compiler_pic_works=yes
lt_cv_prog_compiler_rtti_exceptions=no
lt_cv_prog_compiler_static_works=no
lt_cv_prog_gnu_ld=yes
lt_cv_sharedlib_from_linklib_cmd='printf %s\n'
lt_cv_shlibpath_overrides_runpath=no
lt_cv_sys_global_symbol_pipe='sed -n -e '\''s/^.*[	 ]\([ABCDGIRSTW][ABCDGIRSTW]*\)[	 ][	 ]*\([_A-Za-z][_A-Za-z0-9]*\)$/\1 \2 \2/p'\'' | sed '\''/ __gnu_lto/d'\'''
lt_cv_sys_global_symbol_to_c_name_address='sed -n -e '\''s/^: \(.*\) .*$/  {"\1", (void *) 0},/p'\'' -e '\''s/^[ABCDGIRSTW][ABCDGIRSTW]* .* \(.*\)$/  {"\1", (void *) \&\1},/p'\'''
lt_cv_sys_global_symbol_to_c_name_address_lib_prefix='sed -n -e '\''s/^: \(.*\) .*$/  {"\1", (void *) 0},/p'\'' -e '\''s/^[ABCDGIRSTW][ABCDGIRSTW]* .* \(lib.*\)$/  {"\1", (void *) \&\1},/p'\'' -e '\''s/^[ABCDGIRSTW][ABCDGIRSTW]* .* \(.*\)$/  {"lib\1", (void *) \&\1},/p'\'''
lt_cv_sys_global_symbol_to_cdecl='sed -n -e '\''s/^T .* \(.*\)$/extern int \1();/p'\'' -e '\''s/^[ABCDGIRSTW][ABCDGIRSTW]* .* \(.*\)$/extern char \1;/p'\'''
lt_cv_sys_global_symbol_to_import=
lt_cv_sys_max_cmd_len=1572864
lt_cv_to_host_file_cmd=func_convert_file_noop
lt_cv_to_tool_file_cmd=func_convert_file_noop
lt_cv_truncate_bin='/usr/bin/dd bs=4096 count=1'

## ----------------- ##
## Output variables. ##
## ----------------- ##

ACLOCAL='${SHELL} /home/william/development/ds_rust_experiments/exposed_header_and_symbols/missing aclocal-1.15'
AMDEPBACKSLASH='\'
AMDEP_FALSE='#'
AMDEP_TRUE=''
AMTAR='$${TAR-tar}'
AM_BACKSLASH='\'
AM_DEFAULT_V='$(AM_DEFAULT_VERBOSITY)'
AM_DEFAULT_VERBOSITY='0'
AM_V='$(V)'
AR='ar'
AUTOCONF='${SHELL} /home/william/development/ds_rust_experiments/exposed_header_and_symbols/missing autoconf'
AUTOHEADER='${SHELL} /home/william/development/ds_rust_experiments/exposed_header_and_symbols/missing autoheader'
AUTOMAKE='${SHELL} /home/william/development/ds_rust_experiments/exposed_header_and_symbols/missing automake-1.15'
AWK='gawk'
CARGO='yes'
CC='gcc'
CCDEPMODE='depmode=gcc3'
CFLAGS='-g -O2'
CPP='gcc -E'
CPPFLAGS=''
CYGPATH_W='echo'
DEFS='-DPACKAGE_NAME=\"ehasx\" -DPACKAGE_TARNAME=\"ehasx\" -DPACKAGE_VERSION=\"0.1.0\" -DPACKAGE_STRING=\"ehasx\ 0.1.0\" -DPACKAGE_BUGREPORT=\"\" -DPACKAGE_URL=\"\" -DPACKAGE=\"ehasx\" -DVERSION=\"0.1.0\" -DSTDC_HEADERS=1 -DHAVE_SYS_TYPES_H=1 -DHAVE_SYS_STAT_H=1 -DHAVE_STDLIB_H=1 -DHAVE_STRING_H=1 -DHAVE_MEMORY_H=1 -DHAVE_STRINGS_H=1 -DHAVE_INTTYPES_H=1 -DHAVE_STDINT_H=1 -DHAVE_UNISTD_H=1 -DHAVE_DLFCN_H=1 -DLT_OBJDIR=\".libs/\"'
DEPDIR='.deps'
DLLTOOL='false'
DSYMUTIL=''
DUMPBIN=''
ECHO_C=''
ECHO_N='-n'
ECHO_T=''
EGREP='/usr/bin/grep -E'
EXEEXT=''
FGREP='/usr/bin/grep -F'
GREP='/usr/bin/grep'
INSTALL_DATA='${INSTALL} -m 644'
INSTALL_PROGRAM='${INSTALL}'
INSTALL_SCRIPT='${INSTALL}'
INSTALL_STRIP_PROGRAM='$(install_sh) -c -s'
LD='/usr/bin/ld -m elf_x86_64'
LDFLAGS=''
LIBOBJS=''
LIBS=''
LIBTOOL='$(SHELL) $(top_builddir)/libtool'
LIPO=''
LN_S='ln -s'
LTLIBOBJS=''
LT_SYS_LIBRARY_PATH=''
MAKEINFO='${SHELL} /home/william/development/ds_rust_experiments/exposed_header_and_symbols/missing makeinfo'
MANIFEST_TOOL=':'
MKDIR_P='/usr/bin/mkdir -p'
NM='/usr/bin/nm -B'
NMEDIT=''
OBJDUMP='objdump'
OBJEXT='o'
OTOOL64=''
OTOOL=''
PACKAGE='ehasx'
PACKAGE_BUGREPORT=''
PACKAGE_NAME='ehasx'
PACKAGE_STRING='ehasx 0.1.0'
PACKAGE_TARNAME='ehasx'
PACKAGE_URL=''
PACKAGE_VERSION='0.1.0'
PATH_SEPARATOR=':'
RANLIB='ranlib'
RUSTC='yes'
SED='/usr/bin/sed'
SET_MAKE=''
SHELL='/bin/sh'
STRIP='strip'
VERSION='0.1.0'
ac_ct_AR='ar'
ac_ct_CC='gcc'
ac_ct_DUMPBIN=''
am__EXEEXT_FALSE=''
am__EXEEXT_TRUE='#'
am__fastdepCC_FALSE='#'
am__fastdepCC_TRUE=''
am__include='include'
am__isrc=''
am__leading_dot='.'
am__nodep='_no'
am__quote=''
am__tar='$${TAR-tar} chof - "$$tardir"'
am__untar='$${TAR-tar} xf -'
bindir='${exec_prefix}/bin'
build='x86_64-unknown-linux-gnu'
build_alias=''
build_cpu='x86_64'
build_os='linux-gnu'
build_vendor='unknown'
datadir='${datarootdir}'
datarootdir='${prefix}/share'
docdir='${datarootdir}/doc/${PACKAGE_TARNAME}'
dvidir='${docdir}'
exec_prefix='${prefix}'
host='x86_64-unknown-linux-gnu'
host_alias=''
host_cpu='x86_64'
host_os='linux-gnu'
host_vendor='unknown'
htmldir='${docdir}'
includedir='${prefix}/include'
infodir='${datarootdir}/info'
install_sh='${SHELL} /home/william/development/ds_rust_experiments/exposed_header_and_symbols/install-sh'
libdir='${exec_prefix}/lib'
libexecdir='${exec_prefix}/libexec'
localedir='${datarootdir}/locale'
localstatedir='${prefix}/var'
mandir='${datarootdir}/man'
mkdir_p='$(MKDIR_P)'
oldincludedir='/usr/include'
pdfdir='${docdir}'
prefix='/usr/local'
program_transform_name='s,x,x,'
psdir='${docdir}'
sbindir='${exec_prefix}/sbin'
sharedstatedir='${prefix}/com'
sysconfdir='${prefix}/etc'
target_alias=''

## ----------- ##
## confdefs.h. ##
## ----------- ##

/* confdefs.h */
#define PACKAGE_NAME "ehasx"
#define PACKAGE_TARNAME "ehasx"
#define PACKAGE_VERSION "0.1.0"
#define PACKAGE_STRING "ehasx 0.1.0"
#define PACKAGE_BUGREPORT ""
#define PACKAGE_URL ""
#define PACKAGE "ehasx"
#define VERSION "0.1.0"
#define STDC_HEADERS 1
#define HAVE_SYS_TYPES_H 1
#define HAVE_SYS_STAT_H 1
#define HAVE_STDLIB_H 1
#define HAVE_STRING_H 1
#define HAVE_MEMORY_H 1
#define HAVE_STRINGS_H 1
#define HAVE_INTTYPES_H 1
#define HAVE_STDINT_H 1
#define HAVE_UNISTD_H 1
#define HAVE_DLFCN_H 1
#define LT_OBJDIR ".libs/"

configure: exit 0

## ---------------------- ##
## Running config.status. ##
## ---------------------- ##

This file was extended by ehasx config.status 0.1.0, which was
generated by GNU Autoconf 2.69.  Invocation command line was

  CONFIG_FILES    = 
  CONFIG_HEADERS  = 
  CONFIG_LINKS    = 
  CONFIG_COMMANDS = 
  $ ./config.status Makefile depfiles

on franky.prd.blackhats.net.au

config.status:1007: creating Makefile
config.status:1179: executing depfiles commands

## ---------------------- ##
## Running config.status. ##
## ---------------------- ##

This file was extended by ehasx config.status 0.1.0, which was
generated by GNU Autoconf 2.69.  Invocation command line was

  CONFIG_FILES    = 
  CONFIG_HEADERS  = 
  CONFIG_LINKS    = 
  CONFIG_COMMANDS = 
  $ ./config.status Makefile depfiles

on franky.prd.blackhats.net.au

config.status:1007: creating Makefile
config.status:1179: executing depfiles commands

## ---------------------- ##
## Running config.status. ##
## ---------------------- ##

This file was extended by ehasx config.status 0.1.0, which was
generated by GNU Autoconf 2.69.  Invocation command line was

  CONFIG_FILES    = 
  CONFIG_HEADERS  = 
  CONFIG_LINKS    = 
  CONFIG_COMMANDS = 
  $ ./config.status Makefile depfiles

on franky.prd.blackhats.net.au

config.status:1007: creating Makefile
config.status:1179: executing depfiles commands
